<?xml version="1.0" encoding="UTF-8"?>
<!-- Generated by org.testng.reporters.JUnitXMLReporter -->
<testsuite ignored="0" hostname="LAPTOP-UA1F7RES" failures="1" tests="1" name="MyTest" time="14.073" errors="0" timestamp="2023-11-03T23:16:56 PDT">
  <testcase classname="com.automation.tests.scripts.SalesForceLoginScript" name="login_to_salesforce" time="7.929">
    <failure type="java.lang.NullPointerException" message="Cannot invoke &amp;quot;org.apache.logging.log4j.Logger.info(String)&amp;quot; because &amp;quot;com.automation.pages.base.BasePage.myLog&amp;quot; is null">
      <![CDATA[java.lang.NullPointerException: Cannot invoke "org.apache.logging.log4j.Logger.info(String)" because "com.automation.pages.base.BasePage.myLog" is null
at com.automation.pages.base.BasePage.getTextFromElement(BasePage.java:50)
at com.automation.pages.home.HomePage.getTextSalesForceHomePage(HomePage.java:20)
at com.automation.tests.scripts.SalesForceLoginScript.login_to_salesforce(SalesForceLoginScript.java:37)
at java.base/java.util.ArrayList.forEach(ArrayList.java:1511)
... Removed 27 stack frames]]>
    </failure>
  </testcase> <!-- login_to_salesforce -->
</testsuite> <!-- MyTest -->
